Arguments: 
  D:\workspace\software\nodejs\node.exe D:\workspace\software\nodejs\node_modules\yarn\bin\yarn.js add ant-design/icons

PATH: 
  C:\Program Files\WindowsApps\Microsoft.PowerShell_7.2.1.0_x64__8wekyb3d8bbwe;C:\ProgramData\scoop\apps\gcc\current\bin;C:\ProgramData\scoop\shims;C:\Program Files\NVIDIA GPU Computing Toolkit\CUDA\v11.1\bin;C:\Program Files\NVIDIA GPU Computing Toolkit\CUDA\v11.1\libnvvp;C:\Program Files (x86)\Common Files\Oracle\Java\javapath;C:\Windows\system32;C:\Windows;C:\Windows\System32\Wbem;C:\Windows\System32\WindowsPowerShell\v1.0\;C:\Windows\System32\OpenSSH\;C:\Program Files\Git\cmd;C:\Program Files (x86)\NVIDIA Corporation\PhysX\Common;"D:\workspace\software\jdk-15.0.1\bin;D:\workspace\software\jdk-15.0.1\jre\bin;";C:\WINDOWS\system32;C:\WINDOWS;C:\WINDOWS\System32\Wbem;C:\WINDOWS\System32\WindowsPowerShell\v1.0\;C:\WINDOWS\System32\OpenSSH\;D:\workspace\software\jdk-15.0.1\bin;D:\workspace\software\jdk-15.0.1\jre\bin;D:\workspace\software\apache-maven-3.2.2\\bin;D:\workspace\software\hugo;C:\Program Files\NVIDIA Corporation\Nsight Compute 2020.2.0\;C:\Program Files\NVIDIA Corporation\NVIDIA NvDLISR;D:\MATLAB\R2020b\bin;D:\ProgramData\Anaconda3;D:\ProgramData\Anaconda3\Scripts;D:\ProgramData\Anaconda3\Library\bin;D:\workspace\software\youtube-dl;D:\workspace\software\emacs\.emacs.d\bin;D:\workspace\software\nvm;D:\workspace\software\nodejs;C:\Users\72867\scoop\apps\oh-my-posh\current\bin;C:\Users\72867\scoop\shims;C:\Users\72867\AppData\Local\Microsoft\WindowsApps;C:\Users\72867\AppData\Local\Programs\Microsoft VS Code\bin;D:\software\texlive\2021\bin\win32

Yarn version: 
  1.22.17

Node version: 
  17.3.0

Platform: 
  win32 x64

Trace: 
  Error: https://github.com/ant-design/icons: ESOCKETTIMEDOUT
      at ClientRequest.<anonymous> (D:\workspace\software\nvm\v17.3.0\node_modules\yarn\lib\cli.js:141510:19)
      at Object.onceWrapper (node:events:509:28)
      at ClientRequest.emit (node:events:390:28)
      at TLSSocket.emitRequestTimeout (node:_http_client:758:9)
      at Object.onceWrapper (node:events:509:28)
      at TLSSocket.emit (node:events:402:35)
      at TLSSocket.Socket._onTimeout (node:net:501:8)
      at listOnTimeout (node:internal/timers:568:17)
      at processTimers (node:internal/timers:510:7)

npm manifest: 
  {
    "name": "advancend-react",
    "version": "0.0.0",
    "scripts": {
      "dev": "vite",
      "build": "vite build",
      "preview": "vite preview"
    },
    "dependencies": {
      "react": "^17.0.2",
      "react-dom": "^17.0.2"
    },
    "devDependencies": {
      "@vitejs/plugin-react": "^1.0.7",
      "eslint": "^8.7.0",
      "eslint-plugin-react": "^7.28.0",
      "vite": "^2.7.2"
    }
  }

yarn manifest: 
  No manifest

Lockfile: 
  # THIS IS AN AUTOGENERATED FILE. DO NOT EDIT THIS FILE DIRECTLY.
  # yarn lockfile v1
  
  
  "@babel/code-frame@^7.16.7":
    "integrity" "sha512-iAXqUn8IIeBTNd72xsFlgaXHkMBMt6y4HJp1tIaK465CWLT/fG1aqB7ykr95gHHmlBdGbFeWWfyB4NJJ0nmeIg=="
    "resolved" "https://registry.npmmirror.com/@babel/code-frame/download/@babel/code-frame-7.16.7.tgz"
    "version" "7.16.7"
    dependencies:
      "@babel/highlight" "^7.16.7"
  
  "@babel/compat-data@^7.16.4":
    "integrity" "sha512-m7OkX0IdKLKPpBlJtF561YJal5y/jyI5fNfWbPxh2D/nbzzGI4qRyrD8xO2jB24u7l+5I2a43scCG2IrfjC50Q=="
    "resolved" "https://registry.npmmirror.com/@babel/compat-data/download/@babel/compat-data-7.16.8.tgz"
    "version" "7.16.8"
  
  "@babel/core@^7.0.0", "@babel/core@^7.0.0-0", "@babel/core@^7.16.5":
    "integrity" "sha512-aeLaqcqThRNZYmbMqtulsetOQZ/5gbR/dWruUCJcpas4Qoyy+QeagfDsPdMrqwsPRDNxJvBlRiZxxX7THO7qtA=="
    "resolved" "https://registry.npmmirror.com/@babel/core/download/@babel/core-7.16.7.tgz"
    "version" "7.16.7"
    dependencies:
      "@babel/code-frame" "^7.16.7"
      "@babel/generator" "^7.16.7"
      "@babel/helper-compilation-targets" "^7.16.7"
      "@babel/helper-module-transforms" "^7.16.7"
      "@babel/helpers" "^7.16.7"
      "@babel/parser" "^7.16.7"
      "@babel/template" "^7.16.7"
      "@babel/traverse" "^7.16.7"
      "@babel/types" "^7.16.7"
      "convert-source-map" "^1.7.0"
      "debug" "^4.1.0"
      "gensync" "^1.0.0-beta.2"
      "json5" "^2.1.2"
      "semver" "^6.3.0"
      "source-map" "^0.5.0"
  
  "@babel/generator@^7.16.7", "@babel/generator@^7.16.8":
    "integrity" "sha512-1ojZwE9+lOXzcWdWmO6TbUzDfqLD39CmEhN8+2cX9XkDo5yW1OpgfejfliysR2AWLpMamTiOiAp/mtroaymhpw=="
    "resolved" "https://registry.npmmirror.com/@babel/generator/download/@babel/generator-7.16.8.tgz"
    "version" "7.16.8"
    dependencies:
      "@babel/types" "^7.16.8"
      "jsesc" "^2.5.1"
      "source-map" "^0.5.0"
  
  "@babel/helper-annotate-as-pure@^7.16.7":
    "integrity" "sha512-s6t2w/IPQVTAET1HitoowRGXooX8mCgtuP5195wD/QJPV6wYjpujCGF7JuMODVX2ZAJOf1GT6DT9MHEZvLOFSw=="
    "resolved" "https://registry.npmmirror.com/@babel/helper-annotate-as-pure/download/@babel/helper-annotate-as-pure-7.16.7.tgz"
    "version" "7.16.7"
    dependencies:
      "@babel/types" "^7.16.7"
  
  "@babel/helper-compilation-targets@^7.16.7":
    "integrity" "sha512-mGojBwIWcwGD6rfqgRXVlVYmPAv7eOpIemUG3dGnDdCY4Pae70ROij3XmfrH6Fa1h1aiDylpglbZyktfzyo/hA=="
    "resolved" "https://registry.npmmirror.com/@babel/helper-compilation-targets/download/@babel/helper-compilation-targets-7.16.7.tgz"
    "version" "7.16.7"
    dependencies:
      "@babel/compat-data" "^7.16.4"
      "@babel/helper-validator-option" "^7.16.7"
      "browserslist" "^4.17.5"
      "semver" "^6.3.0"
  
  "@babel/helper-environment-visitor@^7.16.7":
    "integrity" "sha512-SLLb0AAn6PkUeAfKJCCOl9e1R53pQlGAfc4y4XuMRZfqeMYLE0dM1LMhqbGAlGQY0lfw5/ohoYWAe9V1yibRag=="
    "resolved" "https://registry.npmmirror.com/@babel/helper-environment-visitor/download/@babel/helper-environment-visitor-7.16.7.tgz"
    "version" "7.16.7"
    dependencies:
      "@babel/types" "^7.16.7"
  
  "@babel/helper-function-name@^7.16.7":
    "integrity" "sha512-QfDfEnIUyyBSR3HtrtGECuZ6DAyCkYFp7GHl75vFtTnn6pjKeK0T1DB5lLkFvBea8MdaiUABx3osbgLyInoejA=="
    "resolved" "https://registry.npmmirror.com/@babel/helper-function-name/download/@babel/helper-function-name-7.16.7.tgz"
    "version" "7.16.7"
    dependencies:
      "@babel/helper-get-function-arity" "^7.16.7"
      "@babel/template" "^7.16.7"
      "@babel/types" "^7.16.7"
  
  "@babel/helper-get-function-arity@^7.16.7":
    "integrity" "sha512-flc+RLSOBXzNzVhcLu6ujeHUrD6tANAOU5ojrRx/as+tbzf8+stUCj7+IfRRoAbEZqj/ahXEMsjhOhgeZsrnTw=="
    "resolved" "https://registry.npmmirror.com/@babel/helper-get-function-arity/download/@babel/helper-get-function-arity-7.16.7.tgz"
    "version" "7.16.7"
    dependencies:
      "@babel/types" "^7.16.7"
  
  "@babel/helper-hoist-variables@^7.16.7":
    "integrity" "sha512-m04d/0Op34H5v7pbZw6pSKP7weA6lsMvfiIAMeIvkY/R4xQtBSMFEigu9QTZ2qB/9l22vsxtM8a+Q8CzD255fg=="
    "resolved" "https://registry.npmmirror.com/@babel/helper-hoist-variables/download/@babel/helper-hoist-variables-7.16.7.tgz"
    "version" "7.16.7"
    dependencies:
      "@babel/types" "^7.16.7"
  
  "@babel/helper-module-imports@^7.16.7":
    "integrity" "sha512-LVtS6TqjJHFc+nYeITRo6VLXve70xmq7wPhWTqDJusJEgGmkAACWwMiTNrvfoQo6hEhFwAIixNkvB0jPXDL8Wg=="
    "resolved" "https://registry.npmmirror.com/@babel/helper-module-imports/download/@babel/helper-module-imports-7.16.7.tgz"
    "version" "7.16.7"
    dependencies:
      "@babel/types" "^7.16.7"
  
  "@babel/helper-module-transforms@^7.16.7":
    "integrity" "sha512-gaqtLDxJEFCeQbYp9aLAefjhkKdjKcdh6DB7jniIGU3Pz52WAmP268zK0VgPz9hUNkMSYeH976K2/Y6yPadpng=="
    "resolved" "https://registry.npmmirror.com/@babel/helper-module-transforms/download/@babel/helper-module-transforms-7.16.7.tgz"
    "version" "7.16.7"
    dependencies:
      "@babel/helper-environment-visitor" "^7.16.7"
      "@babel/helper-module-imports" "^7.16.7"
      "@babel/helper-simple-access" "^7.16.7"
      "@babel/helper-split-export-declaration" "^7.16.7"
      "@babel/helper-validator-identifier" "^7.16.7"
      "@babel/template" "^7.16.7"
      "@babel/traverse" "^7.16.7"
      "@babel/types" "^7.16.7"
  
  "@babel/helper-plugin-utils@^7.16.7":
    "integrity" "sha512-Qg3Nk7ZxpgMrsox6HreY1ZNKdBq7K72tDSliA6dCl5f007jR4ne8iD5UzuNnCJH2xBf2BEEVGr+/OL6Gdp7RxA=="
    "resolved" "https://registry.npmmirror.com/@babel/helper-plugin-utils/download/@babel/helper-plugin-utils-7.16.7.tgz"
    "version" "7.16.7"
  
  "@babel/helper-simple-access@^7.16.7":
    "integrity" "sha512-ZIzHVyoeLMvXMN/vok/a4LWRy8G2v205mNP0XOuf9XRLyX5/u9CnVulUtDgUTama3lT+bf/UqucuZjqiGuTS1g=="
    "resolved" "https://registry.npmmirror.com/@babel/helper-simple-access/download/@babel/helper-simple-access-7.16.7.tgz"
    "version" "7.16.7"
    dependencies:
      "@babel/types" "^7.16.7"
  
  "@babel/helper-split-export-declaration@^7.16.7":
    "integrity" "sha512-xbWoy/PFoxSWazIToT9Sif+jJTlrMcndIsaOKvTA6u7QEo7ilkRZpjew18/W3c7nm8fXdUDXh02VXTbZ0pGDNw=="
    "resolved" "https://registry.npmmirror.com/@babel/helper-split-export-declaration/download/@babel/helper-split-export-declaration-7.16.7.tgz"
    "version" "7.16.7"
    dependencies:
      "@babel/types" "^7.16.7"
  
  "@babel/helper-validator-identifier@^7.16.7":
    "integrity" "sha512-hsEnFemeiW4D08A5gUAZxLBTXpZ39P+a+DGDsHw1yxqyQ/jzFEnxf5uTEGp+3bzAbNOxU1paTgYS4ECU/IgfDw=="
    "resolved" "https://registry.npmmirror.com/@babel/helper-validator-identifier/download/@babel/helper-validator-identifier-7.16.7.tgz"
    "version" "7.16.7"
  
  "@babel/helper-validator-option@^7.16.7":
    "integrity" "sha512-TRtenOuRUVo9oIQGPC5G9DgK4743cdxvtOw0weQNpZXaS16SCBi5MNjZF8vba3ETURjZpTbVn7Vvcf2eAwFozQ=="
    "resolved" "https://registry.npmmirror.com/@babel/helper-validator-option/download/@babel/helper-validator-option-7.16.7.tgz"
    "version" "7.16.7"
  
  "@babel/helpers@^7.16.7":
    "integrity" "sha512-9ZDoqtfY7AuEOt3cxchfii6C7GDyyMBffktR5B2jvWv8u2+efwvpnVKXMWzNehqy68tKgAfSwfdw/lWpthS2bw=="
    "resolved" "https://registry.npmmirror.com/@babel/helpers/download/@babel/helpers-7.16.7.tgz"
    "version" "7.16.7"
    dependencies:
      "@babel/template" "^7.16.7"
      "@babel/traverse" "^7.16.7"
      "@babel/types" "^7.16.7"
  
  "@babel/highlight@^7.16.7":
    "integrity" "sha512-aKpPMfLvGO3Q97V0qhw/V2SWNWlwfJknuwAunU7wZLSfrM4xTBvg7E5opUVi1kJTBKihE38CPg4nBiqX83PWYw=="
    "resolved" "https://registry.npmmirror.com/@babel/highlight/download/@babel/highlight-7.16.7.tgz"
    "version" "7.16.7"
    dependencies:
      "@babel/helper-validator-identifier" "^7.16.7"
      "chalk" "^2.0.0"
      "js-tokens" "^4.0.0"
  
  "@babel/parser@^7.16.7", "@babel/parser@^7.16.8":
    "integrity" "sha512-i7jDUfrVBWc+7OKcBzEe5n7fbv3i2fWtxKzzCvOjnzSxMfWMigAhtfJ7qzZNGFNMsCCd67+uz553dYKWXPvCKw=="
    "resolved" "https://registry.npmmirror.com/@babel/parser/download/@babel/parser-7.16.8.tgz"
    "version" "7.16.8"
  
  "@babel/plugin-syntax-jsx@^7.16.7":
    "integrity" "sha512-Esxmk7YjA8QysKeT3VhTXvF6y77f/a91SIs4pWb4H2eWGQkCKFgQaG6hdoEVZtGsrAcb2K5BW66XsOErD4WU3Q=="
    "resolved" "https://registry.npmmirror.com/@babel/plugin-syntax-jsx/download/@babel/plugin-syntax-jsx-7.16.7.tgz"
    "version" "7.16.7"
    dependencies:
      "@babel/helper-plugin-utils" "^7.16.7"
  
  "@babel/plugin-transform-react-jsx-development@^7.16.5":
    "integrity" "sha512-RMvQWvpla+xy6MlBpPlrKZCMRs2AGiHOGHY3xRwl0pEeim348dDyxeH4xBsMPbIMhujeq7ihE702eM2Ew0Wo+A=="
    "resolved" "https://registry.npmmirror.com/@babel/plugin-transform-react-jsx-development/download/@babel/plugin-transform-react-jsx-development-7.16.7.tgz"
    "version" "7.16.7"
    dependencies:
      "@babel/plugin-transform-react-jsx" "^7.16.7"
  
  "@babel/plugin-transform-react-jsx-self@^7.16.5":
    "integrity" "sha512-oe5VuWs7J9ilH3BCCApGoYjHoSO48vkjX2CbA5bFVhIuO2HKxA3vyF7rleA4o6/4rTDbk6r8hBW7Ul8E+UZrpA=="
    "resolved" "https://registry.npmmirror.com/@babel/plugin-transform-react-jsx-self/download/@babel/plugin-transform-react-jsx-self-7.16.7.tgz"
    "version" "7.16.7"
    dependencies:
      "@babel/helper-plugin-utils" "^7.16.7"
  
  "@babel/plugin-transform-react-jsx-source@^7.16.5":
    "integrity" "sha512-rONFiQz9vgbsnaMtQlZCjIRwhJvlrPET8TabIUK2hzlXw9B9s2Ieaxte1SCOOXMbWRHodbKixNf3BLcWVOQ8Bw=="
    "resolved" "https://registry.npmmirror.com/@babel/plugin-transform-react-jsx-source/download/@babel/plugin-transform-react-jsx-source-7.16.7.tgz"
    "version" "7.16.7"
    dependencies:
      "@babel/helper-plugin-utils" "^7.16.7"
  
  "@babel/plugin-transform-react-jsx@^7.16.5", "@babel/plugin-transform-react-jsx@^7.16.7":
    "integrity" "sha512-8D16ye66fxiE8m890w0BpPpngG9o9OVBBy0gH2E+2AR7qMR2ZpTYJEqLxAsoroenMId0p/wMW+Blc0meDgu0Ag=="
    "resolved" "https://registry.npmmirror.com/@babel/plugin-transform-react-jsx/download/@babel/plugin-transform-react-jsx-7.16.7.tgz"
    "version" "7.16.7"
    dependencies:
      "@babel/helper-annotate-as-pure" "^7.16.7"
      "@babel/helper-module-imports" "^7.16.7"
      "@babel/helper-plugin-utils" "^7.16.7"
      "@babel/plugin-syntax-jsx" "^7.16.7"
      "@babel/types" "^7.16.7"
  
  "@babel/template@^7.16.7":
    "integrity" "sha512-I8j/x8kHUrbYRTUxXrrMbfCa7jxkE7tZre39x3kjr9hvI82cK1FfqLygotcWN5kdPGWcLdWMHpSBavse5tWw3w=="
    "resolved" "https://registry.npmmirror.com/@babel/template/download/@babel/template-7.16.7.tgz"
    "version" "7.16.7"
    dependencies:
      "@babel/code-frame" "^7.16.7"
      "@babel/parser" "^7.16.7"
      "@babel/types" "^7.16.7"
  
  "@babel/traverse@^7.16.7":
    "integrity" "sha512-xe+H7JlvKsDQwXRsBhSnq1/+9c+LlQcCK3Tn/l5sbx02HYns/cn7ibp9+RV1sIUqu7hKg91NWsgHurO9dowITQ=="
    "resolved" "https://registry.npmmirror.com/@babel/traverse/download/@babel/traverse-7.16.8.tgz"
    "version" "7.16.8"
    dependencies:
      "@babel/code-frame" "^7.16.7"
      "@babel/generator" "^7.16.8"
      "@babel/helper-environment-visitor" "^7.16.7"
      "@babel/helper-function-name" "^7.16.7"
      "@babel/helper-hoist-variables" "^7.16.7"
      "@babel/helper-split-export-declaration" "^7.16.7"
      "@babel/parser" "^7.16.8"
      "@babel/types" "^7.16.8"
      "debug" "^4.1.0"
      "globals" "^11.1.0"
  
  "@babel/types@^7.16.7", "@babel/types@^7.16.8":
    "integrity" "sha512-smN2DQc5s4M7fntyjGtyIPbRJv6wW4rU/94fmYJ7PKQuZkC0qGMHXJbg6sNGt12JmVr4k5YaptI/XtiLJBnmIg=="
    "resolved" "https://registry.npmmirror.com/@babel/types/download/@babel/types-7.16.8.tgz"
    "version" "7.16.8"
    dependencies:
      "@babel/helper-validator-identifier" "^7.16.7"
      "to-fast-properties" "^2.0.0"
  
  "@eslint/eslintrc@^1.0.5":
    "integrity" "sha512-BLxsnmK3KyPunz5wmCCpqy0YelEoxxGmH73Is+Z74oOTMtExcjkr3dDR6quwrjh1YspA8DH9gnX1o069KiS9AQ=="
    "resolved" "https://registry.npmmirror.com/@eslint/eslintrc/download/@eslint/eslintrc-1.0.5.tgz"
    "version" "1.0.5"
    dependencies:
      "ajv" "^6.12.4"
      "debug" "^4.3.2"
      "espree" "^9.2.0"
      "globals" "^13.9.0"
      "ignore" "^4.0.6"
      "import-fresh" "^3.2.1"
      "js-yaml" "^4.1.0"
      "minimatch" "^3.0.4"
      "strip-json-comments" "^3.1.1"
  
  "@humanwhocodes/config-array@^0.9.2":
    "integrity" "sha1-aL5VxzcCMAnfxf4kXVEYG7ZHaRQ="
    "resolved" "https://registry.npmmirror.com/@humanwhocodes/config-array/download/@humanwhocodes/config-array-0.9.2.tgz?cache=0&sync_timestamp=1635880863762&other_urls=https%3A%2F%2Fregistry.npmmirror.com%2F%40humanwhocodes%2Fconfig-array%2Fdownload%2F%40humanwhocodes%2Fconfig-array-0.9.2.tgz"
    "version" "0.9.2"
    dependencies:
      "@humanwhocodes/object-schema" "^1.2.1"
      "debug" "^4.1.1"
      "minimatch" "^3.0.4"
  
  "@humanwhocodes/object-schema@^1.2.1":
    "integrity" "sha1-tSBSnsIdjllFoYUd/Rwy6U45/0U="
    "resolved" "https://registry.npmmirror.com/@humanwhocodes/object-schema/download/@humanwhocodes/object-schema-1.2.1.tgz?cache=0&sync_timestamp=1635879961525&other_urls=https%3A%2F%2Fregistry.npmmirror.com%2F%40humanwhocodes%2Fobject-schema%2Fdownload%2F%40humanwhocodes%2Fobject-schema-1.2.1.tgz"
    "version" "1.2.1"
  
  "@rollup/pluginutils@^4.1.2":
    "integrity" "sha512-ROn4qvkxP9SyPeHaf7uQC/GPFY6L/OWy9+bd9AwcjOAWQwxRscoEyAUD8qCY5o5iL4jqQwoLk2kaTKJPb/HwzQ=="
    "resolved" "https://registry.npmmirror.com/@rollup/pluginutils/download/@rollup/pluginutils-4.1.2.tgz"
    "version" "4.1.2"
    dependencies:
      "estree-walker" "^2.0.1"
      "picomatch" "^2.2.2"
  
  "@vitejs/plugin-react@^1.0.7":
    "integrity" "sha512-cMUBDonNY8PPeHWjIrYKbRn6bLSunh/Ixo2XLLBd3DM0uYBZft+c+04zkGhhN1lAwvoRKJ2FdtvhGhPgViHc6w=="
    "resolved" "https://registry.npmmirror.com/@vitejs/plugin-react/download/@vitejs/plugin-react-1.1.4.tgz"
    "version" "1.1.4"
    dependencies:
      "@babel/core" "^7.16.5"
      "@babel/plugin-transform-react-jsx" "^7.16.5"
      "@babel/plugin-transform-react-jsx-development" "^7.16.5"
      "@babel/plugin-transform-react-jsx-self" "^7.16.5"
      "@babel/plugin-transform-react-jsx-source" "^7.16.5"
      "@rollup/pluginutils" "^4.1.2"
      "react-refresh" "^0.11.0"
      "resolve" "^1.20.0"
  
  "acorn-jsx@^5.3.1":
    "integrity" "sha1-ftW7VZCLOy8bxVxq8WU7rafweTc="
    "resolved" "https://registry.nlark.com/acorn-jsx/download/acorn-jsx-5.3.2.tgz?cache=0&sync_timestamp=1625793378655&other_urls=https%3A%2F%2Fregistry.nlark.com%2Facorn-jsx%2Fdownload%2Facorn-jsx-5.3.2.tgz"
    "version" "5.3.2"
  
  "acorn@^6.0.0 || ^7.0.0 || ^8.0.0", "acorn@^8.7.0":
    "integrity" "sha512-V/LGr1APy+PXIwKebEWrkZPwoeoF+w1jiOBUmuxuiUIaOHtob8Qc9BTrYo7VuI5fR8tqsy+buA2WFooR5olqvQ=="
    "resolved" "https://registry.npmmirror.com/acorn/download/acorn-8.7.0.tgz"
    "version" "8.7.0"
  
  "ajv@^6.10.0", "ajv@^6.12.4":
    "integrity" "sha512-j3fVLgvTo527anyYyJOGTYJbG+vnnQYvE0m5mmkc1TK+nxAppkCLMIL0aZ4dblVCNoGShhm+kzE4ZUykBoMg4g=="
    "resolved" "https://registry.npmmirror.com/ajv/download/ajv-6.12.6.tgz"
    "version" "6.12.6"
    dependencies:
      "fast-deep-equal" "^3.1.1"
      "fast-json-stable-stringify" "^2.0.0"
      "json-schema-traverse" "^0.4.1"
      "uri-js" "^4.2.2"
  
  "ansi-regex@^5.0.1":
    "integrity" "sha1-CCyyyJyf6GWaMRpTvWpNxTAdswQ="
    "resolved" "https://registry.nlark.com/ansi-regex/download/ansi-regex-5.0.1.tgz?cache=0&sync_timestamp=1631634988487&other_urls=https%3A%2F%2Fregistry.nlark.com%2Fansi-regex%2Fdownload%2Fansi-regex-5.0.1.tgz"
    "version" "5.0.1"
  
  "ansi-styles@^3.2.1":
    "integrity" "sha512-VT0ZI6kZRdTh8YyJw3SMbYm/u+NqfsAxEpWO0Pf9sq8/e94WxxOpPKx9FR1FlyCtOVDNOQ+8ntlqFxiRc+r5qA=="
    "resolved" "https://registry.npmmirror.com/ansi-styles/download/ansi-styles-3.2.1.tgz"
    "version" "3.2.1"
    dependencies:
      "color-convert" "^1.9.0"
  
  "ansi-styles@^4.1.0":
    "integrity" "sha512-zbB9rCJAT1rbjiVDb2hqKFHNYLxgtk8NURxZ3IZwD3F6NtxbXZQCnnSi1Lkx+IDohdPlFp222wVALIheZJQSEg=="
    "resolved" "https://registry.npmmirror.com/ansi-styles/download/ansi-styles-4.3.0.tgz"
    "version" "4.3.0"
    dependencies:
      "color-convert" "^2.0.1"
  
  "argparse@^2.0.1":
    "integrity" "sha1-JG9Q88p4oyQPbJl+ipvR6sSeSzg="
    "resolved" "https://registry.nlark.com/argparse/download/argparse-2.0.1.tgz"
    "version" "2.0.1"
  
  "array-includes@^3.1.3", "array-includes@^3.1.4":
    "integrity" "sha1-9bSTFix2DzU5Yx8AW6K7Rqy0W6k="
    "resolved" "https://registry.npmmirror.com/array-includes/download/array-includes-3.1.4.tgz"
    "version" "3.1.4"
    dependencies:
      "call-bind" "^1.0.2"
      "define-properties" "^1.1.3"
      "es-abstract" "^1.19.1"
      "get-intrinsic" "^1.1.1"
      "is-string" "^1.0.7"
  
  "array.prototype.flatmap@^1.2.5":
    "integrity" "sha1-kI3ILYpAaTD984WY1R50EdGNREY="
    "resolved" "https://registry.npmmirror.com/array.prototype.flatmap/download/array.prototype.flatmap-1.2.5.tgz"
    "version" "1.2.5"
    dependencies:
      "call-bind" "^1.0.0"
      "define-properties" "^1.1.3"
      "es-abstract" "^1.19.0"
  
  "balanced-match@^1.0.0":
    "integrity" "sha1-6D46fj8wCzTLnYf2FfoMvzV2kO4="
    "resolved" "https://registry.nlark.com/balanced-match/download/balanced-match-1.0.2.tgz"
    "version" "1.0.2"
  
  "brace-expansion@^1.1.7":
    "integrity" "sha1-PH/L9SnYcibz0vUrlm/1Jx60Qd0="
    "resolved" "https://registry.nlark.com/brace-expansion/download/brace-expansion-1.1.11.tgz"
    "version" "1.1.11"
    dependencies:
      "balanced-match" "^1.0.0"
      "concat-map" "0.0.1"
  
  "browserslist@^4.17.5":
    "integrity" "sha512-u2tbbG5PdKRTUoctO3NBD8FQ5HdPh1ZXPHzp1rwaa5jTc+RV9/+RlWiAIKmjRPQF+xbGM9Kklj5bZQFa2s/38A=="
    "resolved" "https://registry.npmmirror.com/browserslist/download/browserslist-4.19.1.tgz"
    "version" "4.19.1"
    dependencies:
      "caniuse-lite" "^1.0.30001286"
      "electron-to-chromium" "^1.4.17"
      "escalade" "^3.1.1"
      "node-releases" "^2.0.1"
      "picocolors" "^1.0.0"
  
  "call-bind@^1.0.0", "call-bind@^1.0.2":
    "integrity" "sha1-sdTonmiBGcPJqQOtMKuy9qkZvjw="
    "resolved" "https://registry.nlark.com/call-bind/download/call-bind-1.0.2.tgz?cache=0&sync_timestamp=1621222550090&other_urls=https%3A%2F%2Fregistry.nlark.com%2Fcall-bind%2Fdownload%2Fcall-bind-1.0.2.tgz"
    "version" "1.0.2"
    dependencies:
      "function-bind" "^1.1.1"
      "get-intrinsic" "^1.0.2"
  
  "callsites@^3.0.0":
    "integrity" "sha1-s2MKvYlDQy9Us/BRkjjjPNffL3M="
    "resolved" "https://registry.nlark.com/callsites/download/callsites-3.1.0.tgz?cache=0&sync_timestamp=1628465506045&other_urls=https%3A%2F%2Fregistry.nlark.com%2Fcallsites%2Fdownload%2Fcallsites-3.1.0.tgz"
    "version" "3.1.0"
  
  "caniuse-lite@^1.0.30001286":
    "integrity" "sha512-iujN4+x7QzqA2NCSrS5VUy+4gLmRd4xv6vbBBsmfVqTx8bLAD8097euLqQgKxSVLvxjSDcvF1T/i9ocgnUFexw=="
    "resolved" "https://registry.npmmirror.com/caniuse-lite/download/caniuse-lite-1.0.30001299.tgz"
    "version" "1.0.30001299"
  
  "chalk@^2.0.0":
    "integrity" "sha1-zUJUFnelQzPPVBpJEIwUMrRMlCQ="
    "resolved" "https://registry.npmmirror.com/chalk/download/chalk-2.4.2.tgz"
    "version" "2.4.2"
    dependencies:
      "ansi-styles" "^3.2.1"
      "escape-string-regexp" "^1.0.5"
      "supports-color" "^5.3.0"
  
  "chalk@^4.0.0":
    "integrity" "sha1-qsTit3NKdAhnrrFr8CqtVWoeegE="
    "resolved" "https://registry.npmmirror.com/chalk/download/chalk-4.1.2.tgz"
    "version" "4.1.2"
    dependencies:
      "ansi-styles" "^4.1.0"
      "supports-color" "^7.1.0"
  
  "color-convert@^1.9.0":
    "integrity" "sha1-u3GFBpDh8TZWfeYp0tVHHe2kweg="
    "resolved" "https://registry.npmmirror.com/color-convert/download/color-convert-1.9.3.tgz"
    "version" "1.9.3"
    dependencies:
      "color-name" "1.1.3"
  
  "color-convert@^2.0.1":
    "integrity" "sha1-ctOmjVmMm9s68q0ehPIdiWq9TeM="
    "resolved" "https://registry.npmmirror.com/color-convert/download/color-convert-2.0.1.tgz"
    "version" "2.0.1"
    dependencies:
      "color-name" "~1.1.4"
  
  "color-name@~1.1.4":
    "integrity" "sha1-wqCah6y95pVD3m9j+jmVyCbFNqI="
    "resolved" "https://registry.nlark.com/color-name/download/color-name-1.1.4.tgz"
    "version" "1.1.4"
  
  "color-name@1.1.3":
    "integrity" "sha1-p9BVi9icQveV3UIyj3QIMcpTvCU="
    "resolved" "https://registry.nlark.com/color-name/download/color-name-1.1.3.tgz"
    "version" "1.1.3"
  
  "concat-map@0.0.1":
    "integrity" "sha1-2Klr13/Wjfd5OnMDajug1UBdR3s="
    "resolved" "https://registry.nlark.com/concat-map/download/concat-map-0.0.1.tgz"
    "version" "0.0.1"
  
  "convert-source-map@^1.7.0":
    "integrity" "sha1-8zc8MtIbTXgN2ABFFGhPt5HKQ2k="
    "resolved" "https://registry.nlark.com/convert-source-map/download/convert-source-map-1.8.0.tgz"
    "version" "1.8.0"
    dependencies:
      "safe-buffer" "~5.1.1"
  
  "cross-spawn@^7.0.2":
    "integrity" "sha1-9zqFudXUHQRVUcF34ogtSshXKKY="
    "resolved" "https://registry.npmmirror.com/cross-spawn/download/cross-spawn-7.0.3.tgz"
    "version" "7.0.3"
    dependencies:
      "path-key" "^3.1.0"
      "shebang-command" "^2.0.0"
      "which" "^2.0.1"
  
  "debug@^4.1.0", "debug@^4.1.1", "debug@^4.3.2":
    "integrity" "sha512-/zxw5+vh1Tfv+4Qn7a5nsbcJKPaSvCDhojn6FEl9vupwK2VCSDtEiEtqr8DFtzYFOdz63LBkxec7DYuc2jon6Q=="
    "resolved" "https://registry.npmmirror.com/debug/download/debug-4.3.3.tgz"
    "version" "4.3.3"
    dependencies:
      "ms" "2.1.2"
  
  "deep-is@^0.1.3":
    "integrity" "sha1-pvLc5hL63S7x9Rm3NVHxfoUZmDE="
    "resolved" "https://registry.nlark.com/deep-is/download/deep-is-0.1.4.tgz?cache=0&other_urls=https%3A%2F%2Fregistry.nlark.com%2Fdeep-is%2Fdownload%2Fdeep-is-0.1.4.tgz"
    "version" "0.1.4"
  
  "define-properties@^1.1.3":
    "integrity" "sha1-z4jabL7ib+bbcJT2HYcMvYTO6fE="
    "resolved" "https://registry.nlark.com/define-properties/download/define-properties-1.1.3.tgz?cache=0&sync_timestamp=1621222541805&other_urls=https%3A%2F%2Fregistry.nlark.com%2Fdefine-properties%2Fdownload%2Fdefine-properties-1.1.3.tgz"
    "version" "1.1.3"
    dependencies:
      "object-keys" "^1.0.12"
  
  "doctrine@^2.1.0":
    "integrity" "sha1-XNAfwQFiG0LEzX9dGmYkNxbT850="
    "resolved" "https://registry.nlark.com/doctrine/download/doctrine-2.1.0.tgz"
    "version" "2.1.0"
    dependencies:
      "esutils" "^2.0.2"
  
  "doctrine@^3.0.0":
    "integrity" "sha1-rd6+rXKmV023g2OdyHoSF3OXOWE="
    "resolved" "https://registry.nlark.com/doctrine/download/doctrine-3.0.0.tgz"
    "version" "3.0.0"
    dependencies:
      "esutils" "^2.0.2"
  
  "electron-to-chromium@^1.4.17":
    "integrity" "sha512-tHGWiUUmY7GABK8+DNcr474cnZDTzD8x1736SlDosVH8+/vRJeqfaIBAEHFtMjddz/0T4rKKYsxEc8BwQRdBpw=="
    "resolved" "https://registry.npmmirror.com/electron-to-chromium/download/electron-to-chromium-1.4.44.tgz"
    "version" "1.4.44"
  
  "es-abstract@^1.19.0", "es-abstract@^1.19.1":
    "integrity" "sha1-1IhXlodpFpWd547aoN9FZicRXsM="
    "resolved" "https://registry.npmmirror.com/es-abstract/download/es-abstract-1.19.1.tgz?cache=0&other_urls=https%3A%2F%2Fregistry.npmmirror.com%2Fes-abstract%2Fdownload%2Fes-abstract-1.19.1.tgz"
    "version" "1.19.1"
    dependencies:
      "call-bind" "^1.0.2"
      "es-to-primitive" "^1.2.1"
      "function-bind" "^1.1.1"
      "get-intrinsic" "^1.1.1"
      "get-symbol-description" "^1.0.0"
      "has" "^1.0.3"
      "has-symbols" "^1.0.2"
      "internal-slot" "^1.0.3"
      "is-callable" "^1.2.4"
      "is-negative-zero" "^2.0.1"
      "is-regex" "^1.1.4"
      "is-shared-array-buffer" "^1.0.1"
      "is-string" "^1.0.7"
      "is-weakref" "^1.0.1"
      "object-inspect" "^1.11.0"
      "object-keys" "^1.1.1"
      "object.assign" "^4.1.2"
      "string.prototype.trimend" "^1.0.4"
      "string.prototype.trimstart" "^1.0.4"
      "unbox-primitive" "^1.0.1"
  
  "es-to-primitive@^1.2.1":
    "integrity" "sha1-5VzUyc3BiLzvsDs2bHNjI/xciYo="
    "resolved" "https://registry.nlark.com/es-to-primitive/download/es-to-primitive-1.2.1.tgz"
    "version" "1.2.1"
    dependencies:
      "is-callable" "^1.1.4"
      "is-date-object" "^1.0.1"
      "is-symbol" "^1.0.2"
  
  "esbuild-windows-64@0.13.15":
    "integrity" "sha512-9aMsPRGDWCd3bGjUIKG/ZOJPKsiztlxl/Q3C1XDswO6eNX/Jtwu4M+jb6YDH9hRSUflQWX0XKAfWzgy5Wk54JQ=="
    "resolved" "https://registry.npmmirror.com/esbuild-windows-64/download/esbuild-windows-64-0.13.15.tgz"
    "version" "0.13.15"
  
  "esbuild@^0.13.12":
    "integrity" "sha512-raCxt02HBKv8RJxE8vkTSCXGIyKHdEdGfUmiYb8wnabnaEmHzyW7DCHb5tEN0xU8ryqg5xw54mcwnYkC4x3AIw=="
    "resolved" "https://registry.npmmirror.com/esbuild/download/esbuild-0.13.15.tgz"
    "version" "0.13.15"
    optionalDependencies:
      "esbuild-android-arm64" "0.13.15"
      "esbuild-darwin-64" "0.13.15"
      "esbuild-darwin-arm64" "0.13.15"
      "esbuild-freebsd-64" "0.13.15"
      "esbuild-freebsd-arm64" "0.13.15"
      "esbuild-linux-32" "0.13.15"
      "esbuild-linux-64" "0.13.15"
      "esbuild-linux-arm" "0.13.15"
      "esbuild-linux-arm64" "0.13.15"
      "esbuild-linux-mips64le" "0.13.15"
      "esbuild-linux-ppc64le" "0.13.15"
      "esbuild-netbsd-64" "0.13.15"
      "esbuild-openbsd-64" "0.13.15"
      "esbuild-sunos-64" "0.13.15"
      "esbuild-windows-32" "0.13.15"
      "esbuild-windows-64" "0.13.15"
      "esbuild-windows-arm64" "0.13.15"
  
  "escalade@^3.1.1":
    "integrity" "sha1-2M/ccACWXFoBdLSoLqpcBVJ0LkA="
    "resolved" "https://registry.nlark.com/escalade/download/escalade-3.1.1.tgz"
    "version" "3.1.1"
  
  "escape-string-regexp@^1.0.5":
    "integrity" "sha1-G2HAViGQqN/2rjuyzwIAyhMLhtQ="
    "resolved" "https://registry.nlark.com/escape-string-regexp/download/escape-string-regexp-1.0.5.tgz"
    "version" "1.0.5"
  
  "escape-string-regexp@^4.0.0":
    "integrity" "sha1-FLqDpdNz49MR5a/KKc9b+tllvzQ="
    "resolved" "https://registry.nlark.com/escape-string-regexp/download/escape-string-regexp-4.0.0.tgz"
    "version" "4.0.0"
  
  "eslint-plugin-react@^7.28.0":
    "integrity" "sha512-IOlFIRHzWfEQQKcAD4iyYDndHwTQiCMcJVJjxempf203jnNLUnW34AXLrV33+nEXoifJE2ZEGmcjKPL8957eSw=="
    "resolved" "https://registry.npmmirror.com/eslint-plugin-react/download/eslint-plugin-react-7.28.0.tgz"
    "version" "7.28.0"
    dependencies:
      "array-includes" "^3.1.4"
      "array.prototype.flatmap" "^1.2.5"
      "doctrine" "^2.1.0"
      "estraverse" "^5.3.0"
      "jsx-ast-utils" "^2.4.1 || ^3.0.0"
      "minimatch" "^3.0.4"
      "object.entries" "^1.1.5"
      "object.fromentries" "^2.0.5"
      "object.hasown" "^1.1.0"
      "object.values" "^1.1.5"
      "prop-types" "^15.7.2"
      "resolve" "^2.0.0-next.3"
      "semver" "^6.3.0"
      "string.prototype.matchall" "^4.0.6"
  
  "eslint-scope@^7.1.0":
    "integrity" "sha512-aWwkhnS0qAXqNOgKOK0dJ2nvzEbhEvpy8OlJ9kZ0FeZnA6zpjv1/Vei+puGFFX7zkPCkHHXb7IDX3A+7yPrRWg=="
    "resolved" "https://registry.npmmirror.com/eslint-scope/download/eslint-scope-7.1.0.tgz?cache=0&sync_timestamp=1637466963861&other_urls=https%3A%2F%2Fregistry.npmmirror.com%2Feslint-scope%2Fdownload%2Feslint-scope-7.1.0.tgz"
    "version" "7.1.0"
    dependencies:
      "esrecurse" "^4.3.0"
      "estraverse" "^5.2.0"
  
  "eslint-utils@^3.0.0":
    "integrity" "sha1-iuuvrOc0W7M1WdsKHxOh0tSMNnI="
    "resolved" "https://registry.nlark.com/eslint-utils/download/eslint-utils-3.0.0.tgz?cache=0&sync_timestamp=1624608042629&other_urls=https%3A%2F%2Fregistry.nlark.com%2Feslint-utils%2Fdownload%2Feslint-utils-3.0.0.tgz"
    "version" "3.0.0"
    dependencies:
      "eslint-visitor-keys" "^2.0.0"
  
  "eslint-visitor-keys@^2.0.0":
    "integrity" "sha1-9lMoJZMFknOSyTjtROsKXJsr0wM="
    "resolved" "https://registry.npmmirror.com/eslint-visitor-keys/download/eslint-visitor-keys-2.1.0.tgz"
    "version" "2.1.0"
  
  "eslint-visitor-keys@^3.1.0", "eslint-visitor-keys@^3.2.0":
    "integrity" "sha512-IOzT0X126zn7ALX0dwFiUQEdsfzrm4+ISsQS8nukaJXwEyYKRSnEIIDULYg1mCtGp7UUXgfGl7BIolXREQK+XQ=="
    "resolved" "https://registry.npmmirror.com/eslint-visitor-keys/download/eslint-visitor-keys-3.2.0.tgz"
    "version" "3.2.0"
  
  "eslint@^3 || ^4 || ^5 || ^6 || ^7 || ^8", "eslint@^8.7.0", "eslint@>=5":
    "integrity" "sha512-ifHYzkBGrzS2iDU7KjhCAVMGCvF6M3Xfs8X8b37cgrUlDt6bWRTpRh6T/gtSXv1HJ/BUGgmjvNvOEGu85Iif7w=="
    "resolved" "https://registry.npmmirror.com/eslint/download/eslint-8.7.0.tgz"
    "version" "8.7.0"
    dependencies:
      "@eslint/eslintrc" "^1.0.5"
      "@humanwhocodes/config-array" "^0.9.2"
      "ajv" "^6.10.0"
      "chalk" "^4.0.0"
      "cross-spawn" "^7.0.2"
      "debug" "^4.3.2"
      "doctrine" "^3.0.0"
      "escape-string-regexp" "^4.0.0"
      "eslint-scope" "^7.1.0"
      "eslint-utils" "^3.0.0"
      "eslint-visitor-keys" "^3.2.0"
      "espree" "^9.3.0"
      "esquery" "^1.4.0"
      "esutils" "^2.0.2"
      "fast-deep-equal" "^3.1.3"
      "file-entry-cache" "^6.0.1"
      "functional-red-black-tree" "^1.0.1"
      "glob-parent" "^6.0.1"
      "globals" "^13.6.0"
      "ignore" "^5.2.0"
      "import-fresh" "^3.0.0"
      "imurmurhash" "^0.1.4"
      "is-glob" "^4.0.0"
      "js-yaml" "^4.1.0"
      "json-stable-stringify-without-jsonify" "^1.0.1"
      "levn" "^0.4.1"
      "lodash.merge" "^4.6.2"
      "minimatch" "^3.0.4"
      "natural-compare" "^1.4.0"
      "optionator" "^0.9.1"
      "regexpp" "^3.2.0"
      "strip-ansi" "^6.0.1"
      "strip-json-comments" "^3.1.0"
      "text-table" "^0.2.0"
      "v8-compile-cache" "^2.0.3"
  
  "espree@^9.2.0", "espree@^9.3.0":
    "integrity" "sha512-d/5nCsb0JcqsSEeQzFZ8DH1RmxPcglRWh24EFTlUEmCKoehXGdpsx0RkHDubqUI8LSAIKMQp4r9SzQ3n+sm4HQ=="
    "resolved" "https://registry.npmmirror.com/espree/download/espree-9.3.0.tgz"
    "version" "9.3.0"
    dependencies:
      "acorn" "^8.7.0"
      "acorn-jsx" "^5.3.1"
      "eslint-visitor-keys" "^3.1.0"
  
  "esquery@^1.4.0":
    "integrity" "sha1-IUj/w4uC6McFff7UhCWz5h8PJKU="
    "resolved" "https://registry.nlark.com/esquery/download/esquery-1.4.0.tgz"
    "version" "1.4.0"
    dependencies:
      "estraverse" "^5.1.0"
  
  "esrecurse@^4.3.0":
    "integrity" "sha1-eteWTWeauyi+5yzsY3WLHF0smSE="
    "resolved" "https://registry.nlark.com/esrecurse/download/esrecurse-4.3.0.tgz"
    "version" "4.3.0"
    dependencies:
      "estraverse" "^5.2.0"
  
  "estraverse@^5.1.0", "estraverse@^5.2.0", "estraverse@^5.3.0":
    "integrity" "sha1-LupSkHAvJquP5TcDcP+GyWXSESM="
    "resolved" "https://registry.npmmirror.com/estraverse/download/estraverse-5.3.0.tgz?cache=0&sync_timestamp=1635237716974&other_urls=https%3A%2F%2Fregistry.npmmirror.com%2Festraverse%2Fdownload%2Festraverse-5.3.0.tgz"
    "version" "5.3.0"
  
  "estree-walker@^2.0.1":
    "integrity" "sha1-UvAQF4wqTBF6d1fP6UKtt9LaTKw="
    "resolved" "https://registry.npmmirror.com/estree-walker/download/estree-walker-2.0.2.tgz"
    "version" "2.0.2"
  
  "esutils@^2.0.2":
    "integrity" "sha1-dNLrTeC42hKTcRkQ1Qd1ubcQ72Q="
    "resolved" "https://registry.nlark.com/esutils/download/esutils-2.0.3.tgz"
    "version" "2.0.3"
  
  "fast-deep-equal@^3.1.1", "fast-deep-equal@^3.1.3":
    "integrity" "sha1-On1WtVnWy8PrUSMlJE5hmmXGxSU="
    "resolved" "https://registry.nlark.com/fast-deep-equal/download/fast-deep-equal-3.1.3.tgz"
    "version" "3.1.3"
  
  "fast-json-stable-stringify@^2.0.0":
    "integrity" "sha1-h0v2nG9ATCtdmcSBNBOZ/VWJJjM="
    "resolved" "https://registry.nlark.com/fast-json-stable-stringify/download/fast-json-stable-stringify-2.1.0.tgz"
    "version" "2.1.0"
  
  "fast-levenshtein@^2.0.6":
    "integrity" "sha1-PYpcZog6FqMMqGQ+hR8Zuqd5eRc="
    "resolved" "https://registry.nlark.com/fast-levenshtein/download/fast-levenshtein-2.0.6.tgz"
    "version" "2.0.6"
  
  "file-entry-cache@^6.0.1":
    "integrity" "sha1-IRst2WWcsDlLBz5zI6w8kz1SICc="
    "resolved" "https://registry.nlark.com/file-entry-cache/download/file-entry-cache-6.0.1.tgz"
    "version" "6.0.1"
    dependencies:
      "flat-cache" "^3.0.4"
  
  "flat-cache@^3.0.4":
    "integrity" "sha1-YbAzgwKy/p+Vfcwy/CqH8cMEixE="
    "resolved" "https://registry.nlark.com/flat-cache/download/flat-cache-3.0.4.tgz"
    "version" "3.0.4"
    dependencies:
      "flatted" "^3.1.0"
      "rimraf" "^3.0.2"
  
  "flatted@^3.1.0":
    "integrity" "sha512-8/sOawo8tJ4QOBX8YlQBMxL8+RLZfxMQOif9o0KUKTNTjMYElWPE0r/m5VNFxTRd0NSw8qSy8dajrwX4RYI1Hw=="
    "resolved" "https://registry.npmmirror.com/flatted/download/flatted-3.2.4.tgz?cache=0&sync_timestamp=1636473923308&other_urls=https%3A%2F%2Fregistry.npmmirror.com%2Fflatted%2Fdownload%2Fflatted-3.2.4.tgz"
    "version" "3.2.4"
  
  "fs.realpath@^1.0.0":
    "integrity" "sha1-FQStJSMVjKpA20onh8sBQRmU6k8="
    "resolved" "https://registry.nlark.com/fs.realpath/download/fs.realpath-1.0.0.tgz"
    "version" "1.0.0"
  
  "function-bind@^1.1.1":
    "integrity" "sha1-pWiZ0+o8m6uHS7l3O3xe3pL0iV0="
    "resolved" "https://registry.nlark.com/function-bind/download/function-bind-1.1.1.tgz"
    "version" "1.1.1"
  
  "functional-red-black-tree@^1.0.1":
    "integrity" "sha1-GwqzvVU7Kg1jmdKcDj6gslIHgyc="
    "resolved" "https://registry.nlark.com/functional-red-black-tree/download/functional-red-black-tree-1.0.1.tgz"
    "version" "1.0.1"
  
  "gensync@^1.0.0-beta.2":
    "integrity" "sha1-MqbudsPX9S1GsrGuXZP+qFgKJeA="
    "resolved" "https://registry.nlark.com/gensync/download/gensync-1.0.0-beta.2.tgz"
    "version" "1.0.0-beta.2"
  
  "get-intrinsic@^1.0.2", "get-intrinsic@^1.1.0", "get-intrinsic@^1.1.1":
    "integrity" "sha1-FfWfN2+FXERpY5SPDSTNNje0q8Y="
    "resolved" "https://registry.nlark.com/get-intrinsic/download/get-intrinsic-1.1.1.tgz"
    "version" "1.1.1"
    dependencies:
      "function-bind" "^1.1.1"
      "has" "^1.0.3"
      "has-symbols" "^1.0.1"
  
  "get-symbol-description@^1.0.0":
    "integrity" "sha1-f9uByQAQH71WTdXxowr1qtweWNY="
    "resolved" "https://registry.nlark.com/get-symbol-description/download/get-symbol-description-1.0.0.tgz"
    "version" "1.0.0"
    dependencies:
      "call-bind" "^1.0.2"
      "get-intrinsic" "^1.1.1"
  
  "glob-parent@^6.0.1":
    "integrity" "sha1-bSN9mQg5UMeSkPJMdkKj3poo+eM="
    "resolved" "https://registry.npmmirror.com/glob-parent/download/glob-parent-6.0.2.tgz"
    "version" "6.0.2"
    dependencies:
      "is-glob" "^4.0.3"
  
  "glob@^7.1.3":
    "integrity" "sha512-lmLf6gtyrPq8tTjSmrO94wBeQbFR3HbLHbuyD69wuyQkImp2hWqMGB47OX65FBkPffO641IP9jWa1z4ivqG26Q=="
    "resolved" "https://registry.npmmirror.com/glob/download/glob-7.2.0.tgz"
    "version" "7.2.0"
    dependencies:
      "fs.realpath" "^1.0.0"
      "inflight" "^1.0.4"
      "inherits" "2"
      "minimatch" "^3.0.4"
      "once" "^1.3.0"
      "path-is-absolute" "^1.0.0"
  
  "globals@^11.1.0":
    "integrity" "sha1-q4eVM4hooLq9hSV1gBjCp+uVxC4="
    "resolved" "https://registry.npmmirror.com/globals/download/globals-11.12.0.tgz?cache=0&sync_timestamp=1635390798667&other_urls=https%3A%2F%2Fregistry.npmmirror.com%2Fglobals%2Fdownload%2Fglobals-11.12.0.tgz"
    "version" "11.12.0"
  
  "globals@^13.6.0":
    "integrity" "sha1-TXM3YDBCMKAILtluIeXFZfiYCJ4="
    "resolved" "https://registry.npmmirror.com/globals/download/globals-13.12.0.tgz?cache=0&sync_timestamp=1635390798667&other_urls=https%3A%2F%2Fregistry.npmmirror.com%2Fglobals%2Fdownload%2Fglobals-13.12.0.tgz"
    "version" "13.12.0"
    dependencies:
      "type-fest" "^0.20.2"
  
  "globals@^13.9.0":
    "integrity" "sha1-TXM3YDBCMKAILtluIeXFZfiYCJ4="
    "resolved" "https://registry.npmmirror.com/globals/download/globals-13.12.0.tgz?cache=0&sync_timestamp=1635390798667&other_urls=https%3A%2F%2Fregistry.npmmirror.com%2Fglobals%2Fdownload%2Fglobals-13.12.0.tgz"
    "version" "13.12.0"
    dependencies:
      "type-fest" "^0.20.2"
  
  "has-bigints@^1.0.1":
    "integrity" "sha1-ZP5qywIGc+O3jbA1pa9pqp0HsRM="
    "resolved" "https://registry.nlark.com/has-bigints/download/has-bigints-1.0.1.tgz"
    "version" "1.0.1"
  
  "has-flag@^3.0.0":
    "integrity" "sha1-tdRU3CGZriJWmfNGfloH87lVuv0="
    "resolved" "https://registry.nlark.com/has-flag/download/has-flag-3.0.0.tgz"
    "version" "3.0.0"
  
  "has-flag@^4.0.0":
    "integrity" "sha1-lEdx/ZyByBJlxNaUGGDaBrtZR5s="
    "resolved" "https://registry.nlark.com/has-flag/download/has-flag-4.0.0.tgz"
    "version" "4.0.0"
  
  "has-symbols@^1.0.1", "has-symbols@^1.0.2":
    "integrity" "sha1-Fl0wcMADCXUqEjakeTMeOsVvFCM="
    "resolved" "https://registry.nlark.com/has-symbols/download/has-symbols-1.0.2.tgz?cache=0&sync_timestamp=1621222543548&other_urls=https%3A%2F%2Fregistry.nlark.com%2Fhas-symbols%2Fdownload%2Fhas-symbols-1.0.2.tgz"
    "version" "1.0.2"
  
  "has-tostringtag@^1.0.0":
    "integrity" "sha1-fhM4GKfTlHNPlB5zw9P5KR5liyU="
    "resolved" "https://registry.nlark.com/has-tostringtag/download/has-tostringtag-1.0.0.tgz?cache=0&sync_timestamp=1628198783759&other_urls=https%3A%2F%2Fregistry.nlark.com%2Fhas-tostringtag%2Fdownload%2Fhas-tostringtag-1.0.0.tgz"
    "version" "1.0.0"
    dependencies:
      "has-symbols" "^1.0.2"
  
  "has@^1.0.3":
    "integrity" "sha1-ci18v8H2qoJB8W3YFOAR4fQeh5Y="
    "resolved" "https://registry.nlark.com/has/download/has-1.0.3.tgz"
    "version" "1.0.3"
    dependencies:
      "function-bind" "^1.1.1"
  
  "ignore@^4.0.6":
    "integrity" "sha512-cyFDKrqc/YdcWFniJhzI42+AzS+gNwmUzOSFcRCQYwySuBBBy/KjuxWLZ/FHEH6Moq1NizMOBWyTcv8O4OZIMg=="
    "resolved" "https://registry.npmmirror.com/ignore/download/ignore-4.0.6.tgz"
    "version" "4.0.6"
  
  "ignore@^5.2.0":
    "integrity" "sha512-CmxgYGiEPCLhfLnpPp1MoRmifwEIOgjcHXxOBjv7mY96c+eWScsOP9c112ZyLdWHi0FxHjI+4uVhKYp/gcdRmQ=="
    "resolved" "https://registry.npmmirror.com/ignore/download/ignore-5.2.0.tgz"
    "version" "5.2.0"
  
  "import-fresh@^3.0.0", "import-fresh@^3.2.1":
    "integrity" "sha1-NxYsJfy566oublPVtNiM4X2eDCs="
    "resolved" "https://registry.nlark.com/import-fresh/download/import-fresh-3.3.0.tgz"
    "version" "3.3.0"
    dependencies:
      "parent-module" "^1.0.0"
      "resolve-from" "^4.0.0"
  
  "imurmurhash@^0.1.4":
    "integrity" "sha1-khi5srkoojixPcT7a21XbyMUU+o="
    "resolved" "https://registry.nlark.com/imurmurhash/download/imurmurhash-0.1.4.tgz"
    "version" "0.1.4"
  
  "inflight@^1.0.4":
    "integrity" "sha1-Sb1jMdfQLQwJvJEKEHW6gWW1bfk="
    "resolved" "https://registry.nlark.com/inflight/download/inflight-1.0.6.tgz"
    "version" "1.0.6"
    dependencies:
      "once" "^1.3.0"
      "wrappy" "1"
  
  "inherits@2":
    "integrity" "sha1-D6LGT5MpF8NDOg3tVTY6rjdBa3w="
    "resolved" "https://registry.nlark.com/inherits/download/inherits-2.0.4.tgz"
    "version" "2.0.4"
  
  "internal-slot@^1.0.3":
    "integrity" "sha1-c0fjB97uovqsKsYgXUvH00ln9Zw="
    "resolved" "https://registry.nlark.com/internal-slot/download/internal-slot-1.0.3.tgz"
    "version" "1.0.3"
    dependencies:
      "get-intrinsic" "^1.1.0"
      "has" "^1.0.3"
      "side-channel" "^1.0.4"
  
  "is-bigint@^1.0.1":
    "integrity" "sha1-CBR6GHW8KzIAXUHM2Ckd/8ZpHfM="
    "resolved" "https://registry.nlark.com/is-bigint/download/is-bigint-1.0.4.tgz"
    "version" "1.0.4"
    dependencies:
      "has-bigints" "^1.0.1"
  
  "is-boolean-object@^1.1.0":
    "integrity" "sha1-XG3CACRt2TIa5LiFoRS7H3X2Nxk="
    "resolved" "https://registry.nlark.com/is-boolean-object/download/is-boolean-object-1.1.2.tgz"
    "version" "1.1.2"
    dependencies:
      "call-bind" "^1.0.2"
      "has-tostringtag" "^1.0.0"
  
  "is-callable@^1.1.4", "is-callable@^1.2.4":
    "integrity" "sha1-RzAdWN0CWUB4ZVR4U99tYf5HGUU="
    "resolved" "https://registry.nlark.com/is-callable/download/is-callable-1.2.4.tgz?cache=0&sync_timestamp=1628259704725&other_urls=https%3A%2F%2Fregistry.nlark.com%2Fis-callable%2Fdownload%2Fis-callable-1.2.4.tgz"
    "version" "1.2.4"
  
  "is-core-module@^2.2.0", "is-core-module@^2.8.0":
    "integrity" "sha512-SdNCUs284hr40hFTFP6l0IfZ/RSrMXF3qgoRHd3/79unUTvrFO/JoXwkGm+5J/Oe3E/b5GsnG330uUNgRpu1PA=="
    "resolved" "https://registry.npmmirror.com/is-core-module/download/is-core-module-2.8.1.tgz"
    "version" "2.8.1"
    dependencies:
      "has" "^1.0.3"
  
  "is-date-object@^1.0.1":
    "integrity" "sha1-CEHVU25yTCVZe/bqYuG9OCmN8x8="
    "resolved" "https://registry.nlark.com/is-date-object/download/is-date-object-1.0.5.tgz"
    "version" "1.0.5"
    dependencies:
      "has-tostringtag" "^1.0.0"
  
  "is-extglob@^2.1.1":
    "integrity" "sha1-qIwCU1eR8C7TfHahueqXc8gz+MI="
    "resolved" "https://registry.nlark.com/is-extglob/download/is-extglob-2.1.1.tgz"
    "version" "2.1.1"
  
  "is-glob@^4.0.0", "is-glob@^4.0.3":
    "integrity" "sha1-ZPYeQsu7LuwgcanawLKLoeZdUIQ="
    "resolved" "https://registry.npmmirror.com/is-glob/download/is-glob-4.0.3.tgz"
    "version" "4.0.3"
    dependencies:
      "is-extglob" "^2.1.1"
  
  "is-negative-zero@^2.0.1":
    "integrity" "sha512-dqJvarLawXsFbNDeJW7zAz8ItJ9cd28YufuuFzh0G8pNHjJMnY08Dv7sYX2uF5UpQOwieAeOExEYAWWfu7ZZUA=="
    "resolved" "https://registry.npmmirror.com/is-negative-zero/download/is-negative-zero-2.0.2.tgz"
    "version" "2.0.2"
  
  "is-number-object@^1.0.4":
    "integrity" "sha1-anqvg4x/BoalC0VT9+VKlklOifA="
    "resolved" "https://registry.nlark.com/is-number-object/download/is-number-object-1.0.6.tgz?cache=0&sync_timestamp=1628221744591&other_urls=https%3A%2F%2Fregistry.nlark.com%2Fis-number-object%2Fdownload%2Fis-number-object-1.0.6.tgz"
    "version" "1.0.6"
    dependencies:
      "has-tostringtag" "^1.0.0"
  
  "is-regex@^1.1.4":
    "integrity" "sha1-7vVmPNWfpMCuM5UFMj32hUuxWVg="
    "resolved" "https://registry.nlark.com/is-regex/download/is-regex-1.1.4.tgz"
    "version" "1.1.4"
    dependencies:
      "call-bind" "^1.0.2"
      "has-tostringtag" "^1.0.0"
  
  "is-shared-array-buffer@^1.0.1":
    "integrity" "sha1-l7DIX72stZycRG/mU7gs8rW3z+Y="
    "resolved" "https://registry.npmmirror.com/is-shared-array-buffer/download/is-shared-array-buffer-1.0.1.tgz"
    "version" "1.0.1"
  
  "is-string@^1.0.5", "is-string@^1.0.7":
    "integrity" "sha1-DdEr8gBvJVu1j2lREO/3SR7rwP0="
    "resolved" "https://registry.nlark.com/is-string/download/is-string-1.0.7.tgz?cache=0&sync_timestamp=1628213433356&other_urls=https%3A%2F%2Fregistry.nlark.com%2Fis-string%2Fdownload%2Fis-string-1.0.7.tgz"
    "version" "1.0.7"
    dependencies:
      "has-tostringtag" "^1.0.0"
  
  "is-symbol@^1.0.2", "is-symbol@^1.0.3":
    "integrity" "sha1-ptrJO2NbBjymhyI23oiRClevE5w="
    "resolved" "https://registry.nlark.com/is-symbol/download/is-symbol-1.0.4.tgz"
    "version" "1.0.4"
    dependencies:
      "has-symbols" "^1.0.2"
  
  "is-weakref@^1.0.1":
    "integrity" "sha512-qctsuLZmIQ0+vSSMfoVvyFe2+GSEvnmZ2ezTup1SBse9+twCCeial6EEi3Nc2KFcf6+qz2FBPnjXsk8xhKSaPQ=="
    "resolved" "https://registry.npmmirror.com/is-weakref/download/is-weakref-1.0.2.tgz"
    "version" "1.0.2"
    dependencies:
      "call-bind" "^1.0.2"
  
  "isexe@^2.0.0":
    "integrity" "sha1-6PvzdNxVb/iUehDcsFctYz8s+hA="
    "resolved" "https://registry.nlark.com/isexe/download/isexe-2.0.0.tgz"
    "version" "2.0.0"
  
  "js-tokens@^3.0.0 || ^4.0.0", "js-tokens@^4.0.0":
    "integrity" "sha1-GSA/tZmR35jjoocFDUZHzerzJJk="
    "resolved" "https://registry.nlark.com/js-tokens/download/js-tokens-4.0.0.tgz"
    "version" "4.0.0"
  
  "js-yaml@^4.1.0":
    "integrity" "sha512-wpxZs9NoxZaJESJGIZTyDEaYpl0FKSA+FB9aJiyemKhMwkxQg63h4T1KJgUGHpTqPDNRcmmYLugrRjJlBtWvRA=="
    "resolved" "https://registry.npmmirror.com/js-yaml/download/js-yaml-4.1.0.tgz"
    "version" "4.1.0"
    dependencies:
      "argparse" "^2.0.1"
  
  "jsesc@^2.5.1":
    "integrity" "sha1-gFZNLkg9rPbo7yCWUKZ98/DCg6Q="
    "resolved" "https://registry.nlark.com/jsesc/download/jsesc-2.5.2.tgz"
    "version" "2.5.2"
  
  "json-schema-traverse@^0.4.1":
    "integrity" "sha1-afaofZUTq4u4/mO9sJecRI5oRmA="
    "resolved" "https://registry.nlark.com/json-schema-traverse/download/json-schema-traverse-0.4.1.tgz"
    "version" "0.4.1"
  
  "json-stable-stringify-without-jsonify@^1.0.1":
    "integrity" "sha1-nbe1lJatPzz+8wp1FC0tkwrXJlE="
    "resolved" "https://registry.nlark.com/json-stable-stringify-without-jsonify/download/json-stable-stringify-without-jsonify-1.0.1.tgz"
    "version" "1.0.1"
  
  "json5@^2.1.2":
    "integrity" "sha512-f+8cldu7X/y7RAJurMEJmdoKXGB/X550w2Nr3tTbezL6RwEE/iMcm+tZnXeoZtKuOq6ft8+CqzEkrIgx1fPoQA=="
    "resolved" "https://registry.npmmirror.com/json5/download/json5-2.2.0.tgz"
    "version" "2.2.0"
    dependencies:
      "minimist" "^1.2.5"
  
  "jsx-ast-utils@^2.4.1 || ^3.0.0":
    "integrity" "sha1-cguXv+fZAbkn2Hw3c2N66OpIeBs="
    "resolved" "https://registry.nlark.com/jsx-ast-utils/download/jsx-ast-utils-3.2.1.tgz"
    "version" "3.2.1"
    dependencies:
      "array-includes" "^3.1.3"
      "object.assign" "^4.1.2"
  
  "levn@^0.4.1":
    "integrity" "sha1-rkViwAdHO5MqYgDUAyaN0v/8at4="
    "resolved" "https://registry.nlark.com/levn/download/levn-0.4.1.tgz"
    "version" "0.4.1"
    dependencies:
      "prelude-ls" "^1.2.1"
      "type-check" "~0.4.0"
  
  "lodash.merge@^4.6.2":
    "integrity" "sha1-VYqlO0O2YeGSWgr9+japoQhf5Xo="
    "resolved" "https://registry.npmmirror.com/lodash.merge/download/lodash.merge-4.6.2.tgz"
    "version" "4.6.2"
  
  "loose-envify@^1.1.0", "loose-envify@^1.4.0":
    "integrity" "sha1-ce5R+nvkyuwaY4OffmgtgTLTDK8="
    "resolved" "https://registry.nlark.com/loose-envify/download/loose-envify-1.4.0.tgz"
    "version" "1.4.0"
    dependencies:
      "js-tokens" "^3.0.0 || ^4.0.0"
  
  "minimatch@^3.0.4":
    "integrity" "sha1-UWbihkV/AzBgZL5Ul+jbsMPTIIM="
    "resolved" "https://registry.nlark.com/minimatch/download/minimatch-3.0.4.tgz"
    "version" "3.0.4"
    dependencies:
      "brace-expansion" "^1.1.7"
  
  "minimist@^1.2.5":
    "integrity" "sha1-Z9ZgFLZqaoqqDAg8X9WN9OTpdgI="
    "resolved" "https://registry.nlark.com/minimist/download/minimist-1.2.5.tgz"
    "version" "1.2.5"
  
  "ms@2.1.2":
    "integrity" "sha1-0J0fNXtEP0kzgqjrPM0YOHKuYAk="
    "resolved" "https://registry.npmmirror.com/ms/download/ms-2.1.2.tgz"
    "version" "2.1.2"
  
  "nanoid@^3.1.30":
    "integrity" "sha512-F8mf7R3iT9bvThBoW4tGXhXFHCctyCiUUPrWF8WaTqa3h96d9QybkSeba43XVOOE3oiLfkVDe4bT8MeGmkrTxw=="
    "resolved" "https://registry.npmmirror.com/nanoid/download/nanoid-3.1.32.tgz"
    "version" "3.1.32"
  
  "natural-compare@^1.4.0":
    "integrity" "sha1-Sr6/7tdUHywnrPspvbvRXI1bpPc="
    "resolved" "https://registry.npmmirror.com/natural-compare/download/natural-compare-1.4.0.tgz"
    "version" "1.4.0"
  
  "node-releases@^2.0.1":
    "integrity" "sha1-PR05XyBPHy8ppUNYuftnh2WtL8U="
    "resolved" "https://registry.npmmirror.com/node-releases/download/node-releases-2.0.1.tgz"
    "version" "2.0.1"
  
  "object-assign@^4.1.1":
    "integrity" "sha1-IQmtx5ZYh8/AXLvUQsrIv7s2CGM="
    "resolved" "https://registry.nlark.com/object-assign/download/object-assign-4.1.1.tgz"
    "version" "4.1.1"
  
  "object-inspect@^1.11.0", "object-inspect@^1.9.0":
    "integrity" "sha512-Ho2z80bVIvJloH+YzRmpZVQe87+qASmBUKZDWgx9cu+KDrX2ZDH/3tMy+gXbZETVGs2M8YdxObOh7XAtim9Y0g=="
    "resolved" "https://registry.npmmirror.com/object-inspect/download/object-inspect-1.12.0.tgz"
    "version" "1.12.0"
  
  "object-keys@^1.0.12", "object-keys@^1.1.1":
    "integrity" "sha1-HEfyct8nfzsdrwYWd9nILiMixg4="
    "resolved" "https://registry.npmmirror.com/object-keys/download/object-keys-1.1.1.tgz"
    "version" "1.1.1"
  
  "object.assign@^4.1.2":
    "integrity" "sha1-DtVKNC7Os3s4/3brgxoOeIy2OUA="
    "resolved" "https://registry.nlark.com/object.assign/download/object.assign-4.1.2.tgz"
    "version" "4.1.2"
    dependencies:
      "call-bind" "^1.0.0"
      "define-properties" "^1.1.3"
      "has-symbols" "^1.0.1"
      "object-keys" "^1.1.1"
  
  "object.entries@^1.1.5":
    "integrity" "sha1-4azdF8TeLNltWghIfPuduE2IGGE="
    "resolved" "https://registry.npmmirror.com/object.entries/download/object.entries-1.1.5.tgz?cache=0&sync_timestamp=1633280609171&other_urls=https%3A%2F%2Fregistry.npmmirror.com%2Fobject.entries%2Fdownload%2Fobject.entries-1.1.5.tgz"
    "version" "1.1.5"
    dependencies:
      "call-bind" "^1.0.2"
      "define-properties" "^1.1.3"
      "es-abstract" "^1.19.1"
  
  "object.fromentries@^2.0.5":
    "integrity" "sha1-ezeyBRCcIedB5gVyf+iwrV+gglE="
    "resolved" "https://registry.npmmirror.com/object.fromentries/download/object.fromentries-2.0.5.tgz"
    "version" "2.0.5"
    dependencies:
      "call-bind" "^1.0.2"
      "define-properties" "^1.1.3"
      "es-abstract" "^1.19.1"
  
  "object.hasown@^1.1.0":
    "integrity" "sha1-cjLtJm800ZfRXKxYgCMvekeQr+U="
    "resolved" "https://registry.npmmirror.com/object.hasown/download/object.hasown-1.1.0.tgz?cache=0&sync_timestamp=1633322125465&other_urls=https%3A%2F%2Fregistry.npmmirror.com%2Fobject.hasown%2Fdownload%2Fobject.hasown-1.1.0.tgz"
    "version" "1.1.0"
    dependencies:
      "define-properties" "^1.1.3"
      "es-abstract" "^1.19.1"
  
  "object.values@^1.1.5":
    "integrity" "sha1-lZ9j486e8QhyAzMIITHkpFm3Fqw="
    "resolved" "https://registry.npmmirror.com/object.values/download/object.values-1.1.5.tgz"
    "version" "1.1.5"
    dependencies:
      "call-bind" "^1.0.2"
      "define-properties" "^1.1.3"
      "es-abstract" "^1.19.1"
  
  "once@^1.3.0":
    "integrity" "sha1-WDsap3WWHUsROsF9nFC6753Xa9E="
    "resolved" "https://registry.nlark.com/once/download/once-1.4.0.tgz"
    "version" "1.4.0"
    dependencies:
      "wrappy" "1"
  
  "optionator@^0.9.1":
    "integrity" "sha1-TyNqY3Pa4FZqbUPhMmZ09QwpFJk="
    "resolved" "https://registry.nlark.com/optionator/download/optionator-0.9.1.tgz"
    "version" "0.9.1"
    dependencies:
      "deep-is" "^0.1.3"
      "fast-levenshtein" "^2.0.6"
      "levn" "^0.4.1"
      "prelude-ls" "^1.2.1"
      "type-check" "^0.4.0"
      "word-wrap" "^1.2.3"
  
  "parent-module@^1.0.0":
    "integrity" "sha1-aR0nCeeMefrjoVZiJFLQB2LKqqI="
    "resolved" "https://registry.npmmirror.com/parent-module/download/parent-module-1.0.1.tgz?cache=0&sync_timestamp=1633337608538&other_urls=https%3A%2F%2Fregistry.npmmirror.com%2Fparent-module%2Fdownload%2Fparent-module-1.0.1.tgz"
    "version" "1.0.1"
    dependencies:
      "callsites" "^3.0.0"
  
  "path-is-absolute@^1.0.0":
    "integrity" "sha1-F0uSaHNVNP+8es5r9TpanhtcX18="
    "resolved" "https://registry.nlark.com/path-is-absolute/download/path-is-absolute-1.0.1.tgz"
    "version" "1.0.1"
  
  "path-key@^3.1.0":
    "integrity" "sha1-WB9q3mWMu6ZaDTOA3ndTKVBU83U="
    "resolved" "https://registry.nlark.com/path-key/download/path-key-3.1.1.tgz"
    "version" "3.1.1"
  
  "path-parse@^1.0.6", "path-parse@^1.0.7":
    "integrity" "sha1-+8EUtgykKzDZ2vWFjkvWi77bZzU="
    "resolved" "https://registry.nlark.com/path-parse/download/path-parse-1.0.7.tgz"
    "version" "1.0.7"
  
  "picocolors@^1.0.0":
    "integrity" "sha1-y1vcdP8/UYkiNur3nWi8RFZKuBw="
    "resolved" "https://registry.npmmirror.com/picocolors/download/picocolors-1.0.0.tgz?cache=0&other_urls=https%3A%2F%2Fregistry.npmmirror.com%2Fpicocolors%2Fdownload%2Fpicocolors-1.0.0.tgz"
    "version" "1.0.0"
  
  "picomatch@^2.2.2":
    "integrity" "sha512-JU3teHTNjmE2VCGFzuY8EXzCDVwEqB2a8fsIvwaStHhAWJEeVd1o1QD80CU6+ZdEXXSLbSsuLwJjkCBWqRQUVA=="
    "resolved" "https://registry.npmmirror.com/picomatch/download/picomatch-2.3.1.tgz"
    "version" "2.3.1"
  
  "postcss@^8.4.5":
    "integrity" "sha512-jBDboWM8qpaqwkMwItqTQTiFikhs/67OYVvblFFTM7MrZjt6yMKd6r2kgXizEbTTljacm4NldIlZnhbjr84QYg=="
    "resolved" "https://registry.npmmirror.com/postcss/download/postcss-8.4.5.tgz"
    "version" "8.4.5"
    dependencies:
      "nanoid" "^3.1.30"
      "picocolors" "^1.0.0"
      "source-map-js" "^1.0.1"
  
  "prelude-ls@^1.2.1":
    "integrity" "sha1-3rxkidem5rDnYRiIzsiAM30xY5Y="
    "resolved" "https://registry.nlark.com/prelude-ls/download/prelude-ls-1.2.1.tgz"
    "version" "1.2.1"
  
  "prop-types@^15.7.2":
    "integrity" "sha512-oj87CgZICdulUohogVAR7AjlC0327U4el4L6eAvOqCeudMDVU0NThNaV+b9Df4dXgSP1gXMTnPdhfe/2qDH5cg=="
    "resolved" "https://registry.npmmirror.com/prop-types/download/prop-types-15.8.1.tgz"
    "version" "15.8.1"
    dependencies:
      "loose-envify" "^1.4.0"
      "object-assign" "^4.1.1"
      "react-is" "^16.13.1"
  
  "punycode@^2.1.0":
    "integrity" "sha1-tYsBCsQMIsVldhbI0sLALHv0eew="
    "resolved" "https://registry.nlark.com/punycode/download/punycode-2.1.1.tgz"
    "version" "2.1.1"
  
  "react-dom@^17.0.2":
    "integrity" "sha512-s4h96KtLDUQlsENhMn1ar8t2bEa+q/YAtj8pPPdIjPDGBDIVNsrD9aXNWqspUe6AzKCIG0C1HZZLqLV7qpOBGA=="
    "resolved" "https://registry.npmmirror.com/react-dom/download/react-dom-17.0.2.tgz"
    "version" "17.0.2"
    dependencies:
      "loose-envify" "^1.1.0"
      "object-assign" "^4.1.1"
      "scheduler" "^0.20.2"
  
  "react-is@^16.13.1":
    "integrity" "sha1-eJcppNw23imZ3BVt1sHZwYzqVqQ="
    "resolved" "https://registry.npmmirror.com/react-is/download/react-is-16.13.1.tgz"
    "version" "16.13.1"
  
  "react-refresh@^0.11.0":
    "integrity" "sha512-F27qZr8uUqwhWZboondsPx8tnC3Ct3SxZA3V5WyEvujRyyNv0VYPhoBg1gZ8/MV5tubQp76Trw8lTv9hzRBa+A=="
    "resolved" "https://registry.npmmirror.com/react-refresh/download/react-refresh-0.11.0.tgz"
    "version" "0.11.0"
  
  "react@^17.0.2", "react@17.0.2":
    "integrity" "sha512-gnhPt75i/dq/z3/6q/0asP78D0u592D5L1pd7M8P+dck6Fu/jJeL6iVVK23fptSUZj8Vjf++7wXA8UNclGQcbA=="
    "resolved" "https://registry.npmmirror.com/react/download/react-17.0.2.tgz"
    "version" "17.0.2"
    dependencies:
      "loose-envify" "^1.1.0"
      "object-assign" "^4.1.1"
  
  "regexp.prototype.flags@^1.3.1":
    "integrity" "sha512-pMR7hBVUUGI7PMA37m2ofIdQCsomVnas+Jn5UPGAHQ+/LlwKm/aTLJHdasmHRzlfeZwHiAOaRSo2rbBDm3nNUQ=="
    "resolved" "https://registry.npmmirror.com/regexp.prototype.flags/download/regexp.prototype.flags-1.4.1.tgz"
    "version" "1.4.1"
    dependencies:
      "call-bind" "^1.0.2"
      "define-properties" "^1.1.3"
  
  "regexpp@^3.2.0":
    "integrity" "sha1-BCWido2PI7rXDKS5BGH6LxIT4bI="
    "resolved" "https://registry.nlark.com/regexpp/download/regexpp-3.2.0.tgz"
    "version" "3.2.0"
  
  "resolve-from@^4.0.0":
    "integrity" "sha1-SrzYUq0y3Xuqv+m0DgCjbbXzkuY="
    "resolved" "https://registry.nlark.com/resolve-from/download/resolve-from-4.0.0.tgz?cache=0&sync_timestamp=1624607952279&other_urls=https%3A%2F%2Fregistry.nlark.com%2Fresolve-from%2Fdownload%2Fresolve-from-4.0.0.tgz"
    "version" "4.0.0"
  
  "resolve@^1.20.0":
    "integrity" "sha512-3wCbTpk5WJlyE4mSOtDLhqQmGFi0/TD9VPwmiolnk8U0wRgMEktqCXd3vy5buTO3tljvalNvKrjHEfrd2WpEKA=="
    "resolved" "https://registry.npmmirror.com/resolve/download/resolve-1.21.0.tgz"
    "version" "1.21.0"
    dependencies:
      "is-core-module" "^2.8.0"
      "path-parse" "^1.0.7"
      "supports-preserve-symlinks-flag" "^1.0.0"
  
  "resolve@^2.0.0-next.3":
    "integrity" "sha1-1BAWKT1KhYajnKXZtfFcvqH1XkY="
    "resolved" "https://registry.npmmirror.com/resolve/download/resolve-2.0.0-next.3.tgz"
    "version" "2.0.0-next.3"
    dependencies:
      "is-core-module" "^2.2.0"
      "path-parse" "^1.0.6"
  
  "rimraf@^3.0.2":
    "integrity" "sha1-8aVAK6YiCtUswSgrrBrjqkn9Bho="
    "resolved" "https://registry.npmmirror.com/rimraf/download/rimraf-3.0.2.tgz"
    "version" "3.0.2"
    dependencies:
      "glob" "^7.1.3"
  
  "rollup@^2.59.0":
    "integrity" "sha512-nps0idjmD+NXl6OREfyYXMn/dar3WGcyKn+KBzPdaLecub3x/LrId0wUcthcr8oZUAcZAR8NKcfGGFlNgGL1kQ=="
    "resolved" "https://registry.npmmirror.com/rollup/download/rollup-2.63.0.tgz"
    "version" "2.63.0"
    optionalDependencies:
      "fsevents" "~2.3.2"
  
  "safe-buffer@~5.1.1":
    "integrity" "sha1-mR7GnSluAxN0fVm9/St0XDX4go0="
    "resolved" "https://registry.nlark.com/safe-buffer/download/safe-buffer-5.1.2.tgz"
    "version" "5.1.2"
  
  "scheduler@^0.20.2":
    "integrity" "sha1-S67jlDbjSqk7SHS93L8P6Li1DpE="
    "resolved" "https://registry.npmmirror.com/scheduler/download/scheduler-0.20.2.tgz"
    "version" "0.20.2"
    dependencies:
      "loose-envify" "^1.1.0"
      "object-assign" "^4.1.1"
  
  "semver@^6.3.0":
    "integrity" "sha1-7gpkyK9ejO6mdoexM3YeG+y9HT0="
    "resolved" "https://registry.nlark.com/semver/download/semver-6.3.0.tgz"
    "version" "6.3.0"
  
  "shebang-command@^2.0.0":
    "integrity" "sha1-zNCvT4g1+9wmW4JGGq8MNmY/NOo="
    "resolved" "https://registry.nlark.com/shebang-command/download/shebang-command-2.0.0.tgz"
    "version" "2.0.0"
    dependencies:
      "shebang-regex" "^3.0.0"
  
  "shebang-regex@^3.0.0":
    "integrity" "sha1-rhbxZE2HPsrYQ7AwexQzYtTEIXI="
    "resolved" "https://registry.nlark.com/shebang-regex/download/shebang-regex-3.0.0.tgz?cache=0&sync_timestamp=1628896493843&other_urls=https%3A%2F%2Fregistry.nlark.com%2Fshebang-regex%2Fdownload%2Fshebang-regex-3.0.0.tgz"
    "version" "3.0.0"
  
  "side-channel@^1.0.4":
    "integrity" "sha1-785cj9wQTudRslxY1CkAEfpeos8="
    "resolved" "https://registry.nlark.com/side-channel/download/side-channel-1.0.4.tgz"
    "version" "1.0.4"
    dependencies:
      "call-bind" "^1.0.0"
      "get-intrinsic" "^1.0.2"
      "object-inspect" "^1.9.0"
  
  "source-map-js@^1.0.1":
    "integrity" "sha512-4+TN2b3tqOCd/kaGRJ/sTYA0tR0mdXx26ipdolxcwtJVqEnqNYvlCAt1q3ypy4QMlYus+Zh34RNtYLoq2oQ4IA=="
    "resolved" "https://registry.npmmirror.com/source-map-js/download/source-map-js-1.0.1.tgz?cache=0&sync_timestamp=1636402309628&other_urls=https%3A%2F%2Fregistry.npmmirror.com%2Fsource-map-js%2Fdownload%2Fsource-map-js-1.0.1.tgz"
    "version" "1.0.1"
  
  "source-map@^0.5.0":
    "integrity" "sha1-igOdLRAh0i0eoUyA2OpGi6LvP8w="
    "resolved" "https://registry.nlark.com/source-map/download/source-map-0.5.7.tgz"
    "version" "0.5.7"
  
  "string.prototype.matchall@^4.0.6":
    "integrity" "sha1-Wrtdq8lMew6iOA9lumELOlRLFfo="
    "resolved" "https://registry.npmmirror.com/string.prototype.matchall/download/string.prototype.matchall-4.0.6.tgz?cache=0&sync_timestamp=1633405409079&other_urls=https%3A%2F%2Fregistry.npmmirror.com%2Fstring.prototype.matchall%2Fdownload%2Fstring.prototype.matchall-4.0.6.tgz"
    "version" "4.0.6"
    dependencies:
      "call-bind" "^1.0.2"
      "define-properties" "^1.1.3"
      "es-abstract" "^1.19.1"
      "get-intrinsic" "^1.1.1"
      "has-symbols" "^1.0.2"
      "internal-slot" "^1.0.3"
      "regexp.prototype.flags" "^1.3.1"
      "side-channel" "^1.0.4"
  
  "string.prototype.trimend@^1.0.4":
    "integrity" "sha1-51rpDClCxjUEaGwYsoe0oLGkX4A="
    "resolved" "https://registry.nlark.com/string.prototype.trimend/download/string.prototype.trimend-1.0.4.tgz"
    "version" "1.0.4"
    dependencies:
      "call-bind" "^1.0.2"
      "define-properties" "^1.1.3"
  
  "string.prototype.trimstart@^1.0.4":
    "integrity" "sha1-s2OZr0qymZtMnGSL16P7K7Jv7u0="
    "resolved" "https://registry.nlark.com/string.prototype.trimstart/download/string.prototype.trimstart-1.0.4.tgz"
    "version" "1.0.4"
    dependencies:
      "call-bind" "^1.0.2"
      "define-properties" "^1.1.3"
  
  "strip-ansi@^6.0.1":
    "integrity" "sha1-nibGPTD1NEPpSJSVshBdN7Z6hdk="
    "resolved" "https://registry.npmmirror.com/strip-ansi/download/strip-ansi-6.0.1.tgz?cache=0&sync_timestamp=1632420477162&other_urls=https%3A%2F%2Fregistry.npmmirror.com%2Fstrip-ansi%2Fdownload%2Fstrip-ansi-6.0.1.tgz"
    "version" "6.0.1"
    dependencies:
      "ansi-regex" "^5.0.1"
  
  "strip-json-comments@^3.1.0", "strip-json-comments@^3.1.1":
    "integrity" "sha1-MfEoGzgyYwQ0gxwxDAHMzajL4AY="
    "resolved" "https://registry.nlark.com/strip-json-comments/download/strip-json-comments-3.1.1.tgz"
    "version" "3.1.1"
  
  "supports-color@^5.3.0":
    "integrity" "sha1-4uaaRKyHcveKHsCzW2id9lMO/I8="
    "resolved" "https://registry.npmmirror.com/supports-color/download/supports-color-5.5.0.tgz"
    "version" "5.5.0"
    dependencies:
      "has-flag" "^3.0.0"
  
  "supports-color@^7.1.0":
    "integrity" "sha1-G33NyzK4E4gBs+R4umpRyqiWSNo="
    "resolved" "https://registry.npmmirror.com/supports-color/download/supports-color-7.2.0.tgz"
    "version" "7.2.0"
    dependencies:
      "has-flag" "^4.0.0"
  
  "supports-preserve-symlinks-flag@^1.0.0":
    "integrity" "sha512-ot0WnXS9fgdkgIcePe6RHNk1WA8+muPa6cSjeR3V8K27q9BB1rTE3R1p7Hv0z1ZyAc8s6Vvv8DIyWf681MAt0w=="
    "resolved" "https://registry.npmmirror.com/supports-preserve-symlinks-flag/download/supports-preserve-symlinks-flag-1.0.0.tgz"
    "version" "1.0.0"
  
  "text-table@^0.2.0":
    "integrity" "sha1-f17oI66AUgfACvLfSoTsP8+lcLQ="
    "resolved" "https://registry.npmmirror.com/text-table/download/text-table-0.2.0.tgz"
    "version" "0.2.0"
  
  "to-fast-properties@^2.0.0":
    "integrity" "sha1-3F5pjL0HkmW8c+A3doGk5Og/YW4="
    "resolved" "https://registry.nlark.com/to-fast-properties/download/to-fast-properties-2.0.0.tgz?cache=0&sync_timestamp=1628418925592&other_urls=https%3A%2F%2Fregistry.nlark.com%2Fto-fast-properties%2Fdownload%2Fto-fast-properties-2.0.0.tgz"
    "version" "2.0.0"
  
  "type-check@^0.4.0", "type-check@~0.4.0":
    "integrity" "sha1-B7ggO/pwVsBlcFDjzNLDdzC6uPE="
    "resolved" "https://registry.nlark.com/type-check/download/type-check-0.4.0.tgz"
    "version" "0.4.0"
    dependencies:
      "prelude-ls" "^1.2.1"
  
  "type-fest@^0.20.2":
    "integrity" "sha1-G/IH9LKPkVg2ZstfvTJ4hzAc1fQ="
    "resolved" "https://registry.npmmirror.com/type-fest/download/type-fest-0.20.2.tgz"
    "version" "0.20.2"
  
  "unbox-primitive@^1.0.1":
    "integrity" "sha1-CF4hViXsMWJXTciFmr7nilmxRHE="
    "resolved" "https://registry.nlark.com/unbox-primitive/download/unbox-primitive-1.0.1.tgz"
    "version" "1.0.1"
    dependencies:
      "function-bind" "^1.1.1"
      "has-bigints" "^1.0.1"
      "has-symbols" "^1.0.2"
      "which-boxed-primitive" "^1.0.2"
  
  "uri-js@^4.2.2":
    "integrity" "sha1-mxpSWVIlhZ5V9mnZKPiMbFfyp34="
    "resolved" "https://registry.nlark.com/uri-js/download/uri-js-4.4.1.tgz"
    "version" "4.4.1"
    dependencies:
      "punycode" "^2.1.0"
  
  "v8-compile-cache@^2.0.3":
    "integrity" "sha1-LeGWGMZtwkfc+2+ZM4A12CRaLO4="
    "resolved" "https://registry.nlark.com/v8-compile-cache/download/v8-compile-cache-2.3.0.tgz"
    "version" "2.3.0"
  
  "vite@^2.7.2":
    "integrity" "sha512-KEY96ntXUid1/xJihJbgmLZx7QSC2D4Tui0FdS0Old5OokYzFclcofhtxtjDdGOk/fFpPbHv9yw88+rB93Tb8w=="
    "resolved" "https://registry.npmmirror.com/vite/download/vite-2.7.10.tgz"
    "version" "2.7.10"
    dependencies:
      "esbuild" "^0.13.12"
      "postcss" "^8.4.5"
      "resolve" "^1.20.0"
      "rollup" "^2.59.0"
    optionalDependencies:
      "fsevents" "~2.3.2"
  
  "which-boxed-primitive@^1.0.2":
    "integrity" "sha1-E3V7yJsgmwSf5dhkMOIc9AqJqOY="
    "resolved" "https://registry.nlark.com/which-boxed-primitive/download/which-boxed-primitive-1.0.2.tgz"
    "version" "1.0.2"
    dependencies:
      "is-bigint" "^1.0.1"
      "is-boolean-object" "^1.1.0"
      "is-number-object" "^1.0.4"
      "is-string" "^1.0.5"
      "is-symbol" "^1.0.3"
  
  "which@^2.0.1":
    "integrity" "sha1-fGqN0KY2oDJ+ELWckobu6T8/UbE="
    "resolved" "https://registry.nlark.com/which/download/which-2.0.2.tgz"
    "version" "2.0.2"
    dependencies:
      "isexe" "^2.0.0"
  
  "word-wrap@^1.2.3":
    "integrity" "sha1-YQY29rH3A4kb00dxzLF/uTtHB5w="
    "resolved" "https://registry.nlark.com/word-wrap/download/word-wrap-1.2.3.tgz"
    "version" "1.2.3"
  
  "wrappy@1":
    "integrity" "sha1-tSQ9jz7BqjXxNkYFvA0QNuMKtp8="
    "resolved" "https://registry.nlark.com/wrappy/download/wrappy-1.0.2.tgz"
    "version" "1.0.2"
